{"C:\\WEB\\RS\\YGO\\src\\index.tsx": {"path":"C:\\WEB\\RS\\YGO\\src\\index.tsx","statementMap":{"0":{"start":{"line":1,"column":0},"end":{"line":1,"column":26}},"1":{"start":{"line":2,"column":0},"end":{"line":2,"column":40}},"2":{"start":{"line":3,"column":0},"end":{"line":3,"column":39}},"3":{"start":{"line":4,"column":0},"end":{"line":4,"column":49}},"4":{"start":{"line":6,"column":0},"end":{"line":6,"column":32}},"5":{"start":{"line":7,"column":0},"end":{"line":7,"column":32}},"6":{"start":{"line":8,"column":0},"end":{"line":8,"column":27}},"7":{"start":{"line":9,"column":0},"end":{"line":9,"column":43}},"8":{"start":{"line":11,"column":13},"end":{"line":11,"column":66}},"9":{"start":{"line":13,"column":14},"end":{"line":13,"column":26}},"10":{"start":{"line":15,"column":0},"end":{"line":23,"column":2}}},"fnMap":{},"branchMap":{},"s":{"0":0,"1":0,"2":0,"3":0,"4":0,"5":0,"6":0,"7":0,"8":0,"9":0,"10":0},"f":{},"b":{}}
,"C:\\WEB\\RS\\YGO\\src\\app\\App.tsx": {"path":"C:\\WEB\\RS\\YGO\\src\\app\\App.tsx","statementMap":{"0":{"start":{"line":2,"column":0},"end":{"line":2,"column":49}},"1":{"start":{"line":4,"column":0},"end":{"line":4,"column":56}},"2":{"start":{"line":5,"column":0},"end":{"line":5,"column":43}},"3":{"start":{"line":6,"column":0},"end":{"line":6,"column":45}},"4":{"start":{"line":7,"column":0},"end":{"line":7,"column":45}},"5":{"start":{"line":9,"column":23},"end":{"line":22,"column":1}},"6":{"start":{"line":10,"column":2},"end":{"line":21,"column":4}},"7":{"start":{"line":9,"column":13},"end":{"line":9,"column":23}}},"fnMap":{"0":{"name":"(anonymous_1)","decl":{"start":{"line":9,"column":23},"end":{"line":9,"column":26}},"loc":{"start":{"line":9,"column":28},"end":{"line":22,"column":1}}}},"branchMap":{},"s":{"0":2,"1":2,"2":2,"3":2,"4":2,"5":2,"6":5,"7":2},"f":{"0":5},"b":{}}
,"C:\\WEB\\RS\\YGO\\src\\components\\CardItem\\index.tsx": {"path":"C:\\WEB\\RS\\YGO\\src\\components\\CardItem\\index.tsx","statementMap":{"0":{"start":{"line":2,"column":0},"end":{"line":2,"column":60}},"1":{"start":{"line":4,"column":0},"end":{"line":4,"column":49}},"2":{"start":{"line":5,"column":0},"end":{"line":5,"column":51}},"3":{"start":{"line":6,"column":0},"end":{"line":6,"column":55}},"4":{"start":{"line":8,"column":0},"end":{"line":8,"column":44}},"5":{"start":{"line":14,"column":43},"end":{"line":96,"column":1}},"6":{"start":{"line":15,"column":19},"end":{"line":15,"column":32}},"7":{"start":{"line":16,"column":19},"end":{"line":16,"column":32}},"8":{"start":{"line":17,"column":19},"end":{"line":17,"column":35}},"9":{"start":{"line":18,"column":20},"end":{"line":18,"column":35}},"10":{"start":{"line":20,"column":21},"end":{"line":31,"column":3}},"11":{"start":{"line":21,"column":4},"end":{"line":30,"column":null}},"12":{"start":{"line":23,"column":8},"end":{"line":23,"column":34}},"13":{"start":{"line":25,"column":8},"end":{"line":25,"column":32}},"14":{"start":{"line":27,"column":8},"end":{"line":27,"column":31}},"15":{"start":{"line":29,"column":8},"end":{"line":29,"column":32}},"16":{"start":{"line":33,"column":26},"end":{"line":50,"column":3}},"17":{"start":{"line":34,"column":4},"end":{"line":49,"column":null}},"18":{"start":{"line":36,"column":8},"end":{"line":36,"column":31}},"19":{"start":{"line":38,"column":8},"end":{"line":38,"column":33}},"20":{"start":{"line":40,"column":8},"end":{"line":40,"column":32}},"21":{"start":{"line":42,"column":8},"end":{"line":42,"column":31}},"22":{"start":{"line":44,"column":8},"end":{"line":44,"column":32}},"23":{"start":{"line":46,"column":8},"end":{"line":46,"column":32}},"24":{"start":{"line":48,"column":8},"end":{"line":48,"column":31}},"25":{"start":{"line":52,"column":61},"end":{"line":57,"column":3}},"26":{"start":{"line":53,"column":19},"end":{"line":53,"column":47}},"27":{"start":{"line":54,"column":4},"end":{"line":56,"column":null}},"28":{"start":{"line":55,"column":6},"end":{"line":55,"column":28}},"29":{"start":{"line":59,"column":26},"end":{"line":63,"column":3}},"30":{"start":{"line":60,"column":15},"end":{"line":60,"column":22}},"31":{"start":{"line":61,"column":4},"end":{"line":61,"column":24}},"32":{"start":{"line":62,"column":4},"end":{"line":62,"column":52}},"33":{"start":{"line":65,"column":2},"end":{"line":95,"column":4}},"34":{"start":{"line":14,"column":13},"end":{"line":14,"column":43}}},"fnMap":{"0":{"name":"(anonymous_1)","decl":{"start":{"line":14,"column":43},"end":{"line":14,"column":44}},"loc":{"start":{"line":14,"column":56},"end":{"line":96,"column":1}}},"1":{"name":"(anonymous_2)","decl":{"start":{"line":20,"column":21},"end":{"line":20,"column":22}},"loc":{"start":{"line":20,"column":38},"end":{"line":31,"column":3}}},"2":{"name":"(anonymous_3)","decl":{"start":{"line":33,"column":26},"end":{"line":33,"column":27}},"loc":{"start":{"line":33,"column":48},"end":{"line":50,"column":3}}},"3":{"name":"(anonymous_4)","decl":{"start":{"line":52,"column":61},"end":{"line":52,"column":62}},"loc":{"start":{"line":52,"column":67},"end":{"line":57,"column":3}}},"4":{"name":"(anonymous_5)","decl":{"start":{"line":59,"column":26},"end":{"line":59,"column":29}},"loc":{"start":{"line":59,"column":31},"end":{"line":63,"column":3}}}},"branchMap":{"0":{"loc":{"start":{"line":21,"column":4},"end":{"line":30,"column":null}},"type":"switch","locations":[{"start":{"line":22,"column":6},"end":{"line":23,"column":34}},{"start":{"line":24,"column":6},"end":{"line":25,"column":32}},{"start":{"line":26,"column":6},"end":{"line":27,"column":31}},{"start":{"line":28,"column":6},"end":{"line":29,"column":32}}]},"1":{"loc":{"start":{"line":34,"column":4},"end":{"line":49,"column":null}},"type":"switch","locations":[{"start":{"line":35,"column":6},"end":{"line":36,"column":31}},{"start":{"line":37,"column":6},"end":{"line":38,"column":33}},{"start":{"line":39,"column":6},"end":{"line":40,"column":32}},{"start":{"line":41,"column":6},"end":{"line":42,"column":31}},{"start":{"line":43,"column":6},"end":{"line":44,"column":32}},{"start":{"line":45,"column":6},"end":{"line":46,"column":32}},{"start":{"line":47,"column":6},"end":{"line":48,"column":31}}]},"2":{"loc":{"start":{"line":54,"column":4},"end":{"line":56,"column":null}},"type":"if","locations":[{"start":{"line":54,"column":4},"end":{"line":56,"column":null}}]},"3":{"loc":{"start":{"line":73,"column":10},"end":{"line":73,"column":null}},"type":"cond-expr","locations":[{"start":{"line":73,"column":42},"end":{"line":73,"column":70}},{"start":{"line":73,"column":73},"end":{"line":73,"column":null}}]},"4":{"loc":{"start":{"line":84,"column":66},"end":{"line":84,"column":86}},"type":"binary-expr","locations":[{"start":{"line":84,"column":66},"end":{"line":84,"column":80}},{"start":{"line":84,"column":84},"end":{"line":84,"column":86}}]},"5":{"loc":{"start":{"line":85,"column":11},"end":{"line":85,"column":95}},"type":"binary-expr","locations":[{"start":{"line":85,"column":11},"end":{"line":85,"column":40}},{"start":{"line":85,"column":44},"end":{"line":85,"column":68}},{"start":{"line":85,"column":72},"end":{"line":85,"column":95}}]},"6":{"loc":{"start":{"line":87,"column":9},"end":{"line":91,"column":null}},"type":"binary-expr","locations":[{"start":{"line":87,"column":9},"end":{"line":87,"column":38}},{"start":{"line":88,"column":10},"end":{"line":90,"column":null}}]},"7":{"loc":{"start":{"line":90,"column":65},"end":{"line":90,"column":82}},"type":"binary-expr","locations":[{"start":{"line":90,"column":65},"end":{"line":90,"column":73}},{"start":{"line":90,"column":77},"end":{"line":90,"column":82}}]}},"s":{"0":5,"1":5,"2":5,"3":5,"4":5,"5":5,"6":97,"7":97,"8":97,"9":97,"10":97,"11":97,"12":25,"13":72,"14":0,"15":0,"16":97,"17":97,"18":0,"19":0,"20":9,"21":0,"22":0,"23":8,"24":8,"25":97,"26":0,"27":0,"28":0,"29":97,"30":0,"31":0,"32":0,"33":97,"34":5},"f":{"0":97,"1":97,"2":97,"3":0,"4":0},"b":{"0":[25,72,0,0],"1":[0,0,9,0,0,8,8],"2":[0],"3":[25,72],"4":[97,72],"5":[97,72,0],"6":[97,25],"7":[25,0]}}
,"C:\\WEB\\RS\\YGO\\src\\components\\CardList\\index.tsx": {"path":"C:\\WEB\\RS\\YGO\\src\\components\\CardList\\index.tsx","statementMap":{"0":{"start":{"line":2,"column":0},"end":{"line":2,"column":65}},"1":{"start":{"line":3,"column":0},"end":{"line":3,"column":50}},"2":{"start":{"line":5,"column":0},"end":{"line":5,"column":51}},"3":{"start":{"line":6,"column":0},"end":{"line":6,"column":57}},"4":{"start":{"line":7,"column":0},"end":{"line":7,"column":39}},"5":{"start":{"line":8,"column":0},"end":{"line":8,"column":47}},"6":{"start":{"line":9,"column":0},"end":{"line":9,"column":43}},"7":{"start":{"line":10,"column":0},"end":{"line":10,"column":44}},"8":{"start":{"line":12,"column":28},"end":{"line":62,"column":1}},"9":{"start":{"line":13,"column":26},"end":{"line":13,"column":70}},"10":{"start":{"line":13,"column":52},"end":{"line":13,"column":69}},"11":{"start":{"line":14,"column":26},"end":{"line":14,"column":72}},"12":{"start":{"line":14,"column":52},"end":{"line":14,"column":71}},"13":{"start":{"line":15,"column":27},"end":{"line":15,"column":79}},"14":{"start":{"line":15,"column":53},"end":{"line":15,"column":78}},"15":{"start":{"line":17,"column":49},"end":{"line":21,"column":4}},"16":{"start":{"line":23,"column":19},"end":{"line":23,"column":29}},"17":{"start":{"line":24,"column":15},"end":{"line":24,"column":25}},"18":{"start":{"line":26,"column":2},"end":{"line":28,"column":null}},"19":{"start":{"line":27,"column":4},"end":{"line":27,"column":82}},"20":{"start":{"line":30,"column":2},"end":{"line":30,"column":28}},"21":{"start":{"line":32,"column":2},"end":{"line":61,"column":4}},"22":{"start":{"line":46,"column":16},"end":{"line":46,"column":34}},"23":{"start":{"line":52,"column":12},"end":{"line":52,"column":58}},"24":{"start":{"line":12,"column":13},"end":{"line":12,"column":28}}},"fnMap":{"0":{"name":"(anonymous_7)","decl":{"start":{"line":12,"column":28},"end":{"line":12,"column":31}},"loc":{"start":{"line":12,"column":33},"end":{"line":62,"column":1}}},"1":{"name":"(anonymous_8)","decl":{"start":{"line":13,"column":41},"end":{"line":13,"column":42}},"loc":{"start":{"line":13,"column":52},"end":{"line":13,"column":69}}},"2":{"name":"(anonymous_9)","decl":{"start":{"line":14,"column":41},"end":{"line":14,"column":42}},"loc":{"start":{"line":14,"column":52},"end":{"line":14,"column":71}}},"3":{"name":"(anonymous_10)","decl":{"start":{"line":15,"column":42},"end":{"line":15,"column":43}},"loc":{"start":{"line":15,"column":53},"end":{"line":15,"column":78}}},"4":{"name":"(anonymous_11)","decl":{"start":{"line":45,"column":19},"end":{"line":45,"column":20}},"loc":{"start":{"line":46,"column":16},"end":{"line":46,"column":34}}},"5":{"name":"(anonymous_12)","decl":{"start":{"line":51,"column":24},"end":{"line":51,"column":25}},"loc":{"start":{"line":51,"column":33},"end":{"line":53,"column":11}}}},"branchMap":{"0":{"loc":{"start":{"line":26,"column":2},"end":{"line":28,"column":null}},"type":"if","locations":[{"start":{"line":26,"column":2},"end":{"line":28,"column":null}}]},"1":{"loc":{"start":{"line":34,"column":7},"end":{"line":37,"column":null}},"type":"binary-expr","locations":[{"start":{"line":34,"column":7},"end":{"line":34,"column":15}},{"start":{"line":35,"column":8},"end":{"line":36,"column":null}}]},"2":{"loc":{"start":{"line":41,"column":9},"end":{"line":48,"column":null}},"type":"binary-expr","locations":[{"start":{"line":41,"column":9},"end":{"line":41,"column":18}},{"start":{"line":42,"column":10},"end":{"line":47,"column":null}}]},"3":{"loc":{"start":{"line":50,"column":9},"end":{"line":53,"column":12}},"type":"binary-expr","locations":[{"start":{"line":50,"column":9},"end":{"line":50,"column":17}},{"start":{"line":51,"column":10},"end":{"line":53,"column":12}}]},"4":{"loc":{"start":{"line":55,"column":7},"end":{"line":58,"column":null}},"type":"binary-expr","locations":[{"start":{"line":55,"column":7},"end":{"line":55,"column":15}},{"start":{"line":55,"column":19},"end":{"line":55,"column":37}},{"start":{"line":56,"column":8},"end":{"line":57,"column":null}}]}},"s":{"0":4,"1":4,"2":4,"3":4,"4":4,"5":4,"6":4,"7":4,"8":4,"9":20,"10":57,"11":20,"12":57,"13":20,"14":57,"15":20,"16":20,"17":20,"18":20,"19":1,"20":19,"21":19,"22":168,"23":60,"24":4},"f":{"0":20,"1":57,"2":57,"3":57,"4":168,"5":60},"b":{"0":[1],"1":[19,5],"2":[19,14],"3":[19,5],"4":[19,5,3]}}
,"C:\\WEB\\RS\\YGO\\src\\components\\ErrorBoundary\\index.tsx": {"path":"C:\\WEB\\RS\\YGO\\src\\components\\ErrorBoundary\\index.tsx","statementMap":{"0":{"start":{"line":1,"column":0},"end":{"line":1,"column":45}},"1":{"start":{"line":3,"column":0},"end":{"line":3,"column":45}},"2":{"start":{"line":14,"column":38},"end":{"line":16,"column":4}},"3":{"start":{"line":19,"column":4},"end":{"line":19,"column":21}},"4":{"start":{"line":23,"column":22},"end":{"line":23,"column":32}},"5":{"start":{"line":24,"column":25},"end":{"line":24,"column":35}},"6":{"start":{"line":26,"column":4},"end":{"line":28,"column":null}},"7":{"start":{"line":27,"column":6},"end":{"line":27,"column":45}},"8":{"start":{"line":30,"column":4},"end":{"line":30,"column":20}},"9":{"start":{"line":13,"column":0},"end":{"line":13,"column":21}}},"fnMap":{"0":{"name":"(anonymous_1)","decl":{"start":{"line":18,"column":9},"end":{"line":18,"column":15}},"loc":{"start":{"line":18,"column":53},"end":{"line":20,"column":3}}},"1":{"name":"(anonymous_2)","decl":{"start":{"line":22,"column":9},"end":{"line":22,"column":15}},"loc":{"start":{"line":22,"column":15},"end":{"line":31,"column":3}}}},"branchMap":{"0":{"loc":{"start":{"line":26,"column":4},"end":{"line":28,"column":null}},"type":"if","locations":[{"start":{"line":26,"column":4},"end":{"line":28,"column":null}}]}},"s":{"0":2,"1":2,"2":4,"3":2,"4":6,"5":6,"6":6,"7":2,"8":4,"9":2},"f":{"0":2,"1":6},"b":{"0":[2]}}
,"C:\\WEB\\RS\\YGO\\src\\components\\ErrorFallback\\index.tsx": {"path":"C:\\WEB\\RS\\YGO\\src\\components\\ErrorFallback\\index.tsx","statementMap":{"0":{"start":{"line":1,"column":0},"end":{"line":1,"column":34}},"1":{"start":{"line":3,"column":0},"end":{"line":3,"column":49}},"2":{"start":{"line":11,"column":4},"end":{"line":11,"column":17}},"3":{"start":{"line":14,"column":18},"end":{"line":16,"column":3}},"4":{"start":{"line":15,"column":4},"end":{"line":15,"column":33}},"5":{"start":{"line":19,"column":4},"end":{"line":25,"column":6}},"6":{"start":{"line":9,"column":0},"end":{"line":9,"column":21}}},"fnMap":{"0":{"name":"(anonymous_1)","decl":{"start":{"line":10,"column":2},"end":{"line":10,"column":14}},"loc":{"start":{"line":10,"column":40},"end":{"line":12,"column":3}}},"1":{"name":"(anonymous_2)","decl":{"start":{"line":14,"column":18},"end":{"line":14,"column":21}},"loc":{"start":{"line":14,"column":23},"end":{"line":16,"column":3}}},"2":{"name":"(anonymous_3)","decl":{"start":{"line":18,"column":2},"end":{"line":18,"column":8}},"loc":{"start":{"line":18,"column":8},"end":{"line":26,"column":3}}}},"branchMap":{},"s":{"0":3,"1":3,"2":3,"3":3,"4":0,"5":3,"6":3},"f":{"0":3,"1":0,"2":3},"b":{}}
,"C:\\WEB\\RS\\YGO\\src\\components\\ItemsPerPage\\index.tsx": {"path":"C:\\WEB\\RS\\YGO\\src\\components\\ItemsPerPage\\index.tsx","statementMap":{"0":{"start":{"line":1,"column":0},"end":{"line":1,"column":67}},"1":{"start":{"line":2,"column":0},"end":{"line":2,"column":75}},"2":{"start":{"line":3,"column":0},"end":{"line":3,"column":48}},"3":{"start":{"line":5,"column":28},"end":{"line":23,"column":1}},"4":{"start":{"line":6,"column":57},"end":{"line":6,"column":82}},"5":{"start":{"line":7,"column":27},"end":{"line":7,"column":79}},"6":{"start":{"line":7,"column":53},"end":{"line":7,"column":78}},"7":{"start":{"line":9,"column":19},"end":{"line":9,"column":35}},"8":{"start":{"line":10,"column":2},"end":{"line":22,"column":4}},"9":{"start":{"line":12,"column":59},"end":{"line":12,"column":84}},"10":{"start":{"line":15,"column":59},"end":{"line":15,"column":82}},"11":{"start":{"line":18,"column":60},"end":{"line":18,"column":86}},"12":{"start":{"line":5,"column":13},"end":{"line":5,"column":28}}},"fnMap":{"0":{"name":"(anonymous_1)","decl":{"start":{"line":5,"column":28},"end":{"line":5,"column":31}},"loc":{"start":{"line":5,"column":33},"end":{"line":23,"column":1}}},"1":{"name":"(anonymous_2)","decl":{"start":{"line":7,"column":42},"end":{"line":7,"column":43}},"loc":{"start":{"line":7,"column":53},"end":{"line":7,"column":78}}},"2":{"name":"(anonymous_3)","decl":{"start":{"line":12,"column":53},"end":{"line":12,"column":56}},"loc":{"start":{"line":12,"column":59},"end":{"line":12,"column":84}}},"3":{"name":"(anonymous_4)","decl":{"start":{"line":15,"column":53},"end":{"line":15,"column":56}},"loc":{"start":{"line":15,"column":59},"end":{"line":15,"column":82}}},"4":{"name":"(anonymous_5)","decl":{"start":{"line":18,"column":54},"end":{"line":18,"column":57}},"loc":{"start":{"line":18,"column":60},"end":{"line":18,"column":86}}}},"branchMap":{},"s":{"0":4,"1":4,"2":4,"3":4,"4":5,"5":5,"6":11,"7":5,"8":5,"9":1,"10":0,"11":0,"12":4},"f":{"0":5,"1":11,"2":1,"3":0,"4":0},"b":{}}
,"C:\\WEB\\RS\\YGO\\src\\components\\Pagination\\index.tsx": {"path":"C:\\WEB\\RS\\YGO\\src\\components\\Pagination\\index.tsx","statementMap":{"0":{"start":{"line":1,"column":0},"end":{"line":1,"column":38}},"1":{"start":{"line":2,"column":0},"end":{"line":2,"column":51}},"2":{"start":{"line":4,"column":0},"end":{"line":4,"column":41}},"3":{"start":{"line":5,"column":0},"end":{"line":5,"column":41}},"4":{"start":{"line":6,"column":0},"end":{"line":6,"column":67}},"5":{"start":{"line":8,"column":0},"end":{"line":8,"column":72}},"6":{"start":{"line":10,"column":0},"end":{"line":10,"column":46}},"7":{"start":{"line":17,"column":48},"end":{"line":59,"column":1}},"8":{"start":{"line":18,"column":26},"end":{"line":18,"column":70}},"9":{"start":{"line":18,"column":52},"end":{"line":18,"column":69}},"10":{"start":{"line":19,"column":33},"end":{"line":19,"column":57}},"11":{"start":{"line":20,"column":26},"end":{"line":20,"column":72}},"12":{"start":{"line":20,"column":52},"end":{"line":20,"column":71}},"13":{"start":{"line":21,"column":19},"end":{"line":21,"column":35}},"14":{"start":{"line":23,"column":42},"end":{"line":23,"column":59}},"15":{"start":{"line":25,"column":25},"end":{"line":27,"column":3}},"16":{"start":{"line":26,"column":4},"end":{"line":26,"column":25}},"17":{"start":{"line":29,"column":25},"end":{"line":31,"column":3}},"18":{"start":{"line":30,"column":4},"end":{"line":30,"column":25}},"19":{"start":{"line":33,"column":2},"end":{"line":42,"column":20}},"20":{"start":{"line":34,"column":31},"end":{"line":34,"column":73}},"21":{"start":{"line":35,"column":4},"end":{"line":35,"column":42}},"22":{"start":{"line":36,"column":4},"end":{"line":38,"column":null}},"23":{"start":{"line":37,"column":6},"end":{"line":37,"column":34}},"24":{"start":{"line":40,"column":4},"end":{"line":40,"column":28}},"25":{"start":{"line":44,"column":2},"end":{"line":46,"column":null}},"26":{"start":{"line":45,"column":4},"end":{"line":45,"column":43}},"27":{"start":{"line":48,"column":2},"end":{"line":58,"column":4}},"28":{"start":{"line":17,"column":13},"end":{"line":17,"column":48}}},"fnMap":{"0":{"name":"(anonymous_1)","decl":{"start":{"line":17,"column":48},"end":{"line":17,"column":49}},"loc":{"start":{"line":17,"column":73},"end":{"line":59,"column":1}}},"1":{"name":"(anonymous_2)","decl":{"start":{"line":18,"column":41},"end":{"line":18,"column":42}},"loc":{"start":{"line":18,"column":52},"end":{"line":18,"column":69}}},"2":{"name":"(anonymous_3)","decl":{"start":{"line":20,"column":41},"end":{"line":20,"column":42}},"loc":{"start":{"line":20,"column":52},"end":{"line":20,"column":71}}},"3":{"name":"(anonymous_4)","decl":{"start":{"line":25,"column":25},"end":{"line":25,"column":28}},"loc":{"start":{"line":25,"column":30},"end":{"line":27,"column":3}}},"4":{"name":"(anonymous_5)","decl":{"start":{"line":29,"column":25},"end":{"line":29,"column":28}},"loc":{"start":{"line":29,"column":30},"end":{"line":31,"column":3}}},"5":{"name":"(anonymous_6)","decl":{"start":{"line":33,"column":12},"end":{"line":33,"column":15}},"loc":{"start":{"line":33,"column":17},"end":{"line":42,"column":3}}}},"branchMap":{"0":{"loc":{"start":{"line":36,"column":4},"end":{"line":38,"column":null}},"type":"if","locations":[{"start":{"line":36,"column":4},"end":{"line":38,"column":null}}]},"1":{"loc":{"start":{"line":44,"column":2},"end":{"line":46,"column":null}},"type":"if","locations":[{"start":{"line":44,"column":2},"end":{"line":46,"column":null}}]},"2":{"loc":{"start":{"line":50,"column":49},"end":{"line":50,"column":79}},"type":"binary-expr","locations":[{"start":{"line":50,"column":49},"end":{"line":50,"column":65}},{"start":{"line":50,"column":69},"end":{"line":50,"column":79}}]},"3":{"loc":{"start":{"line":51,"column":9},"end":{"line":51,"column":80}},"type":"cond-expr","locations":[{"start":{"line":51,"column":22},"end":{"line":51,"column":59}},{"start":{"line":51,"column":62},"end":{"line":51,"column":80}}]},"4":{"loc":{"start":{"line":54,"column":49},"end":{"line":54,"column":90}},"type":"binary-expr","locations":[{"start":{"line":54,"column":49},"end":{"line":54,"column":76}},{"start":{"line":54,"column":80},"end":{"line":54,"column":90}}]},"5":{"loc":{"start":{"line":55,"column":9},"end":{"line":55,"column":80}},"type":"cond-expr","locations":[{"start":{"line":55,"column":22},"end":{"line":55,"column":59}},{"start":{"line":55,"column":62},"end":{"line":55,"column":80}}]}},"s":{"0":5,"1":5,"2":5,"3":5,"4":5,"5":5,"6":5,"7":5,"8":18,"9":30,"10":18,"11":18,"12":30,"13":18,"14":18,"15":18,"16":0,"17":18,"18":0,"19":18,"20":8,"21":8,"22":8,"23":0,"24":8,"25":18,"26":0,"27":18,"28":5},"f":{"0":18,"1":30,"2":30,"3":0,"4":0,"5":8},"b":{"0":[0],"1":[0],"2":[18,0],"3":[2,16],"4":[18,18],"5":[2,16]}}
,"C:\\WEB\\RS\\YGO\\src\\components\\Search\\index.tsx": {"path":"C:\\WEB\\RS\\YGO\\src\\components\\Search\\index.tsx","statementMap":{"0":{"start":{"line":1,"column":0},"end":{"line":1,"column":83}},"1":{"start":{"line":2,"column":0},"end":{"line":2,"column":51}},"2":{"start":{"line":4,"column":0},"end":{"line":4,"column":51}},"3":{"start":{"line":6,"column":0},"end":{"line":6,"column":72}},"4":{"start":{"line":7,"column":0},"end":{"line":7,"column":63}},"5":{"start":{"line":8,"column":0},"end":{"line":8,"column":42}},"6":{"start":{"line":10,"column":26},"end":{"line":66,"column":1}},"7":{"start":{"line":11,"column":38},"end":{"line":11,"column":50}},"8":{"start":{"line":12,"column":42},"end":{"line":12,"column":59}},"9":{"start":{"line":13,"column":29},"end":{"line":13,"column":48}},"10":{"start":{"line":14,"column":29},"end":{"line":14,"column":53}},"11":{"start":{"line":15,"column":19},"end":{"line":15,"column":35}},"12":{"start":{"line":17,"column":2},"end":{"line":24,"column":9}},"13":{"start":{"line":18,"column":31},"end":{"line":18,"column":71}},"14":{"start":{"line":19,"column":4},"end":{"line":22,"column":null}},"15":{"start":{"line":20,"column":6},"end":{"line":20,"column":51}},"16":{"start":{"line":21,"column":6},"end":{"line":21,"column":40}},"17":{"start":{"line":26,"column":24},"end":{"line":40,"column":3}},"18":{"start":{"line":27,"column":31},"end":{"line":29,"column":6}},"19":{"start":{"line":31,"column":4},"end":{"line":33,"column":null}},"20":{"start":{"line":32,"column":6},"end":{"line":32,"column":33}},"21":{"start":{"line":35,"column":4},"end":{"line":35,"column":32}},"22":{"start":{"line":36,"column":4},"end":{"line":36,"column":41}},"23":{"start":{"line":37,"column":4},"end":{"line":37,"column":28}},"24":{"start":{"line":38,"column":4},"end":{"line":38,"column":31}},"25":{"start":{"line":39,"column":4},"end":{"line":39,"column":57}},"26":{"start":{"line":42,"column":64},"end":{"line":44,"column":3}},"27":{"start":{"line":43,"column":4},"end":{"line":43,"column":43}},"28":{"start":{"line":43,"column":27},"end":{"line":43,"column":43}},"29":{"start":{"line":46,"column":25},"end":{"line":48,"column":3}},"30":{"start":{"line":47,"column":4},"end":{"line":47,"column":34}},"31":{"start":{"line":50,"column":2},"end":{"line":65,"column":4}},"32":{"start":{"line":10,"column":13},"end":{"line":10,"column":26}}},"fnMap":{"0":{"name":"(anonymous_1)","decl":{"start":{"line":10,"column":26},"end":{"line":10,"column":29}},"loc":{"start":{"line":10,"column":31},"end":{"line":66,"column":1}}},"1":{"name":"(anonymous_2)","decl":{"start":{"line":17,"column":12},"end":{"line":17,"column":15}},"loc":{"start":{"line":17,"column":17},"end":{"line":24,"column":3}}},"2":{"name":"(anonymous_3)","decl":{"start":{"line":26,"column":24},"end":{"line":26,"column":29}},"loc":{"start":{"line":26,"column":35},"end":{"line":40,"column":3}}},"3":{"name":"(anonymous_4)","decl":{"start":{"line":42,"column":64},"end":{"line":42,"column":69}},"loc":{"start":{"line":42,"column":76},"end":{"line":44,"column":3}}},"4":{"name":"(anonymous_5)","decl":{"start":{"line":46,"column":25},"end":{"line":46,"column":26}},"loc":{"start":{"line":46,"column":62},"end":{"line":48,"column":3}}}},"branchMap":{"0":{"loc":{"start":{"line":18,"column":31},"end":{"line":18,"column":71}},"type":"binary-expr","locations":[{"start":{"line":18,"column":31},"end":{"line":18,"column":65}},{"start":{"line":18,"column":69},"end":{"line":18,"column":71}}]},"1":{"loc":{"start":{"line":19,"column":4},"end":{"line":22,"column":null}},"type":"if","locations":[{"start":{"line":19,"column":4},"end":{"line":22,"column":null}}]},"2":{"loc":{"start":{"line":31,"column":4},"end":{"line":33,"column":null}},"type":"if","locations":[{"start":{"line":31,"column":4},"end":{"line":33,"column":null}}]},"3":{"loc":{"start":{"line":39,"column":39},"end":{"line":39,"column":55}},"type":"binary-expr","locations":[{"start":{"line":39,"column":39},"end":{"line":39,"column":49}},{"start":{"line":39,"column":53},"end":{"line":39,"column":55}}]},"4":{"loc":{"start":{"line":43,"column":4},"end":{"line":43,"column":43}},"type":"if","locations":[{"start":{"line":43,"column":4},"end":{"line":43,"column":43}}]}},"s":{"0":4,"1":4,"2":4,"3":4,"4":4,"5":4,"6":4,"7":12,"8":12,"9":12,"10":12,"11":12,"12":12,"13":4,"14":4,"15":0,"16":0,"17":12,"18":1,"19":1,"20":1,"21":1,"22":1,"23":1,"24":1,"25":1,"26":12,"27":0,"28":0,"29":12,"30":1,"31":12,"32":4},"f":{"0":12,"1":4,"2":1,"3":0,"4":1},"b":{"0":[4,4],"1":[0],"2":[1],"3":[1,0],"4":[0]}}
,"C:\\WEB\\RS\\YGO\\src\\pages\\Details\\index.tsx": {"path":"C:\\WEB\\RS\\YGO\\src\\pages\\Details\\index.tsx","statementMap":{"0":{"start":{"line":2,"column":0},"end":{"line":2,"column":65}},"1":{"start":{"line":3,"column":0},"end":{"line":3,"column":47}},"2":{"start":{"line":5,"column":0},"end":{"line":5,"column":49}},"3":{"start":{"line":6,"column":0},"end":{"line":6,"column":51}},"4":{"start":{"line":7,"column":0},"end":{"line":7,"column":57}},"5":{"start":{"line":8,"column":0},"end":{"line":8,"column":50}},"6":{"start":{"line":9,"column":0},"end":{"line":9,"column":43}},"7":{"start":{"line":11,"column":27},"end":{"line":74,"column":1}},"8":{"start":{"line":12,"column":19},"end":{"line":12,"column":32}},"9":{"start":{"line":13,"column":17},"end":{"line":13,"column":59}},"10":{"start":{"line":13,"column":43},"end":{"line":13,"column":58}},"11":{"start":{"line":14,"column":37},"end":{"line":14,"column":71}},"12":{"start":{"line":15,"column":15},"end":{"line":15,"column":41}},"13":{"start":{"line":17,"column":61},"end":{"line":22,"column":3}},"14":{"start":{"line":18,"column":19},"end":{"line":18,"column":47}},"15":{"start":{"line":19,"column":4},"end":{"line":21,"column":null}},"16":{"start":{"line":20,"column":6},"end":{"line":20,"column":28}},"17":{"start":{"line":24,"column":21},"end":{"line":35,"column":3}},"18":{"start":{"line":25,"column":4},"end":{"line":34,"column":null}},"19":{"start":{"line":27,"column":8},"end":{"line":27,"column":34}},"20":{"start":{"line":29,"column":8},"end":{"line":29,"column":32}},"21":{"start":{"line":31,"column":8},"end":{"line":31,"column":31}},"22":{"start":{"line":33,"column":8},"end":{"line":33,"column":32}},"23":{"start":{"line":37,"column":28},"end":{"line":39,"column":3}},"24":{"start":{"line":38,"column":4},"end":{"line":38,"column":17}},"25":{"start":{"line":41,"column":2},"end":{"line":43,"column":null}},"26":{"start":{"line":42,"column":4},"end":{"line":42,"column":47}},"27":{"start":{"line":45,"column":2},"end":{"line":56,"column":null}},"28":{"start":{"line":46,"column":4},"end":{"line":55,"column":6}},"29":{"start":{"line":52,"column":12},"end":{"line":52,"column":30}},"30":{"start":{"line":58,"column":2},"end":{"line":73,"column":4}},"31":{"start":{"line":11,"column":13},"end":{"line":11,"column":27}}},"fnMap":{"0":{"name":"(anonymous_7)","decl":{"start":{"line":11,"column":27},"end":{"line":11,"column":30}},"loc":{"start":{"line":11,"column":32},"end":{"line":74,"column":1}}},"1":{"name":"(anonymous_8)","decl":{"start":{"line":13,"column":32},"end":{"line":13,"column":33}},"loc":{"start":{"line":13,"column":43},"end":{"line":13,"column":58}}},"2":{"name":"(anonymous_9)","decl":{"start":{"line":17,"column":61},"end":{"line":17,"column":62}},"loc":{"start":{"line":17,"column":67},"end":{"line":22,"column":3}}},"3":{"name":"(anonymous_10)","decl":{"start":{"line":24,"column":21},"end":{"line":24,"column":22}},"loc":{"start":{"line":24,"column":38},"end":{"line":35,"column":3}}},"4":{"name":"(anonymous_11)","decl":{"start":{"line":37,"column":28},"end":{"line":37,"column":31}},"loc":{"start":{"line":37,"column":33},"end":{"line":39,"column":3}}},"5":{"name":"(anonymous_12)","decl":{"start":{"line":51,"column":15},"end":{"line":51,"column":16}},"loc":{"start":{"line":52,"column":12},"end":{"line":52,"column":30}}}},"branchMap":{"0":{"loc":{"start":{"line":15,"column":15},"end":{"line":15,"column":41}},"type":"binary-expr","locations":[{"start":{"line":15,"column":15},"end":{"line":15,"column":28}},{"start":{"line":15,"column":32},"end":{"line":15,"column":41}}]},"1":{"loc":{"start":{"line":19,"column":4},"end":{"line":21,"column":null}},"type":"if","locations":[{"start":{"line":19,"column":4},"end":{"line":21,"column":null}}]},"2":{"loc":{"start":{"line":25,"column":4},"end":{"line":34,"column":null}},"type":"switch","locations":[{"start":{"line":26,"column":6},"end":{"line":27,"column":34}},{"start":{"line":28,"column":6},"end":{"line":29,"column":32}},{"start":{"line":30,"column":6},"end":{"line":31,"column":31}},{"start":{"line":32,"column":6},"end":{"line":33,"column":32}}]},"3":{"loc":{"start":{"line":41,"column":2},"end":{"line":43,"column":null}},"type":"if","locations":[{"start":{"line":41,"column":2},"end":{"line":43,"column":null}}]},"4":{"loc":{"start":{"line":45,"column":2},"end":{"line":56,"column":null}},"type":"if","locations":[{"start":{"line":45,"column":2},"end":{"line":56,"column":null}}]}},"s":{"0":3,"1":3,"2":3,"3":3,"4":3,"5":3,"6":3,"7":3,"8":3,"9":3,"10":8,"11":3,"12":3,"13":3,"14":0,"15":0,"16":0,"17":3,"18":0,"19":0,"20":0,"21":0,"22":0,"23":3,"24":0,"25":3,"26":1,"27":2,"28":2,"29":10,"30":0,"31":3},"f":{"0":3,"1":8,"2":0,"3":0,"4":0,"5":10},"b":{"0":[3,3],"1":[0],"2":[0,0,0,0],"3":[1],"4":[2]}}
,"C:\\WEB\\RS\\YGO\\src\\pages\\MainPage\\index.tsx": {"path":"C:\\WEB\\RS\\YGO\\src\\pages\\MainPage\\index.tsx","statementMap":{"0":{"start":{"line":1,"column":0},"end":{"line":1,"column":48}},"1":{"start":{"line":2,"column":0},"end":{"line":2,"column":42}},"2":{"start":{"line":4,"column":0},"end":{"line":4,"column":53}},"3":{"start":{"line":5,"column":0},"end":{"line":5,"column":49}},"4":{"start":{"line":6,"column":0},"end":{"line":6,"column":67}},"5":{"start":{"line":7,"column":0},"end":{"line":7,"column":81}},"6":{"start":{"line":9,"column":0},"end":{"line":9,"column":44}},"7":{"start":{"line":17,"column":28},"end":{"line":56,"column":1}},"8":{"start":{"line":18,"column":26},"end":{"line":18,"column":58}},"9":{"start":{"line":19,"column":52},"end":{"line":19,"column":64}},"10":{"start":{"line":20,"column":40},"end":{"line":20,"column":68}},"11":{"start":{"line":21,"column":30},"end":{"line":21,"column":85}},"12":{"start":{"line":21,"column":56},"end":{"line":21,"column":84}},"13":{"start":{"line":22,"column":19},"end":{"line":22,"column":35}},"14":{"start":{"line":24,"column":27},"end":{"line":26,"column":3}},"15":{"start":{"line":25,"column":4},"end":{"line":25,"column":58}},"16":{"start":{"line":28,"column":2},"end":{"line":32,"column":26}},"17":{"start":{"line":29,"column":4},"end":{"line":31,"column":null}},"18":{"start":{"line":30,"column":6},"end":{"line":30,"column":41}},"19":{"start":{"line":34,"column":2},"end":{"line":39,"column":9}},"20":{"start":{"line":35,"column":4},"end":{"line":35,"column":29}},"21":{"start":{"line":36,"column":4},"end":{"line":38,"column":12}},"22":{"start":{"line":37,"column":6},"end":{"line":37,"column":30}},"23":{"start":{"line":41,"column":2},"end":{"line":55,"column":4}},"24":{"start":{"line":17,"column":13},"end":{"line":17,"column":28}}},"fnMap":{"0":{"name":"(anonymous_1)","decl":{"start":{"line":17,"column":28},"end":{"line":17,"column":31}},"loc":{"start":{"line":17,"column":33},"end":{"line":56,"column":1}}},"1":{"name":"(anonymous_2)","decl":{"start":{"line":21,"column":45},"end":{"line":21,"column":46}},"loc":{"start":{"line":21,"column":56},"end":{"line":21,"column":84}}},"2":{"name":"(anonymous_3)","decl":{"start":{"line":24,"column":27},"end":{"line":24,"column":30}},"loc":{"start":{"line":24,"column":32},"end":{"line":26,"column":3}}},"3":{"name":"(anonymous_4)","decl":{"start":{"line":28,"column":12},"end":{"line":28,"column":15}},"loc":{"start":{"line":28,"column":17},"end":{"line":32,"column":3}}},"4":{"name":"(anonymous_5)","decl":{"start":{"line":34,"column":12},"end":{"line":34,"column":15}},"loc":{"start":{"line":34,"column":17},"end":{"line":39,"column":3}}},"5":{"name":"(anonymous_6)","decl":{"start":{"line":36,"column":15},"end":{"line":36,"column":20}},"loc":{"start":{"line":36,"column":26},"end":{"line":38,"column":5}}}},"branchMap":{"0":{"loc":{"start":{"line":29,"column":4},"end":{"line":31,"column":null}},"type":"if","locations":[{"start":{"line":29,"column":4},"end":{"line":31,"column":null}}]},"1":{"loc":{"start":{"line":45,"column":9},"end":{"line":45,"column":61}},"type":"binary-expr","locations":[{"start":{"line":45,"column":9},"end":{"line":45,"column":24}},{"start":{"line":45,"column":28},"end":{"line":45,"column":61}}]}},"s":{"0":3,"1":3,"2":3,"3":3,"4":3,"5":3,"6":3,"7":3,"8":13,"9":12,"10":12,"11":12,"12":29,"13":8,"14":8,"15":0,"16":8,"17":3,"18":0,"19":8,"20":3,"21":3,"22":2,"23":8,"24":3},"f":{"0":13,"1":29,"2":0,"3":3,"4":3,"5":2},"b":{"0":[0],"1":[8,3]}}
,"C:\\WEB\\RS\\YGO\\src\\pages\\NotFound\\index.tsx": {"path":"C:\\WEB\\RS\\YGO\\src\\pages\\NotFound\\index.tsx","statementMap":{"0":{"start":{"line":1,"column":0},"end":{"line":1,"column":40}},"1":{"start":{"line":4,"column":0},"end":{"line":4,"column":44}},"2":{"start":{"line":6,"column":24},"end":{"line":15,"column":1}},"3":{"start":{"line":7,"column":2},"end":{"line":14,"column":4}},"4":{"start":{"line":6,"column":13},"end":{"line":6,"column":24}}},"fnMap":{"0":{"name":"(anonymous_1)","decl":{"start":{"line":6,"column":24},"end":{"line":6,"column":27}},"loc":{"start":{"line":6,"column":29},"end":{"line":15,"column":1}}}},"branchMap":{},"s":{"0":2,"1":2,"2":2,"3":3,"4":2},"f":{"0":3},"b":{}}
,"C:\\WEB\\RS\\YGO\\src\\utils\\test-utils.tsx": {"path":"C:\\WEB\\RS\\YGO\\src\\utils\\test-utils.tsx","statementMap":{"0":{"start":{"line":2,"column":0},"end":{"line":2,"column":48}},"1":{"start":{"line":5,"column":0},"end":{"line":5,"column":39}},"2":{"start":{"line":7,"column":0},"end":{"line":7,"column":44}},"3":{"start":{"line":24,"column":4},"end":{"line":24,"column":57}},"4":{"start":{"line":26,"column":2},"end":{"line":26,"column":74}},"5":{"start":{"line":15,"column":0},"end":{"line":15,"column":16}}},"fnMap":{"0":{"name":"renderWithProviders","decl":{"start":{"line":15,"column":16},"end":{"line":15,"column":35}},"loc":{"start":{"line":21,"column":31},"end":{"line":27,"column":1}}},"1":{"name":"Wrapper","decl":{"start":{"line":23,"column":11},"end":{"line":23,"column":18}},"loc":{"start":{"line":23,"column":58},"end":{"line":25,"column":3}}}},"branchMap":{"0":{"loc":{"start":{"line":17,"column":2},"end":{"line":21,"column":31}},"type":"default-arg","locations":[{"start":{"line":21,"column":29},"end":{"line":21,"column":31}}]},"1":{"loc":{"start":{"line":18,"column":4},"end":{"line":18,"column":23}},"type":"default-arg","locations":[{"start":{"line":18,"column":21},"end":{"line":18,"column":23}}]},"2":{"loc":{"start":{"line":19,"column":4},"end":{"line":19,"column":38}},"type":"default-arg","locations":[{"start":{"line":19,"column":12},"end":{"line":19,"column":38}}]}},"s":{"0":7,"1":7,"2":7,"3":12,"4":12,"5":7},"f":{"0":12,"1":12},"b":{"0":[12],"1":[12],"2":[12]}}
}
