{"C:\\WEB\\RS\\ygo\\src\\components\\CardDetails\\CardDetails.tsx": {"path":"C:\\WEB\\RS\\ygo\\src\\components\\CardDetails\\CardDetails.tsx","statementMap":{"0":{"start":{"line":1,"column":0},"end":{"line":1,"column":31}},"1":{"start":{"line":3,"column":0},"end":{"line":3,"column":40}},"2":{"start":{"line":6,"column":0},"end":{"line":6,"column":47}},"3":{"start":{"line":9,"column":0},"end":{"line":9,"column":43}},"4":{"start":{"line":15,"column":43},"end":{"line":83,"column":1}},"5":{"start":{"line":16,"column":17},"end":{"line":16,"column":28}},"6":{"start":{"line":18,"column":25},"end":{"line":18,"column":34}},"7":{"start":{"line":19,"column":19},"end":{"line":19,"column":38}},"8":{"start":{"line":21,"column":2},"end":{"line":23,"column":null}},"9":{"start":{"line":22,"column":4},"end":{"line":22,"column":11}},"10":{"start":{"line":25,"column":20},"end":{"line":25,"column":33}},"11":{"start":{"line":26,"column":15},"end":{"line":26,"column":27}},"12":{"start":{"line":27,"column":22},"end":{"line":27,"column":31}},"13":{"start":{"line":29,"column":61},"end":{"line":34,"column":3}},"14":{"start":{"line":30,"column":19},"end":{"line":30,"column":47}},"15":{"start":{"line":31,"column":4},"end":{"line":33,"column":null}},"16":{"start":{"line":32,"column":6},"end":{"line":32,"column":32}},"17":{"start":{"line":36,"column":21},"end":{"line":47,"column":3}},"18":{"start":{"line":37,"column":4},"end":{"line":46,"column":null}},"19":{"start":{"line":39,"column":8},"end":{"line":39,"column":34}},"20":{"start":{"line":41,"column":8},"end":{"line":41,"column":32}},"21":{"start":{"line":43,"column":8},"end":{"line":43,"column":31}},"22":{"start":{"line":45,"column":8},"end":{"line":45,"column":32}},"23":{"start":{"line":49,"column":22},"end":{"line":59,"column":3}},"24":{"start":{"line":50,"column":4},"end":{"line":50,"column":30}},"25":{"start":{"line":51,"column":4},"end":{"line":58,"column":6}},"26":{"start":{"line":61,"column":2},"end":{"line":63,"column":null}},"27":{"start":{"line":62,"column":4},"end":{"line":62,"column":11}},"28":{"start":{"line":65,"column":2},"end":{"line":82,"column":4}},"29":{"start":{"line":85,"column":0},"end":{"line":85,"column":27}}},"fnMap":{"0":{"name":"(anonymous_1)","decl":{"start":{"line":15,"column":43},"end":{"line":15,"column":44}},"loc":{"start":{"line":15,"column":52},"end":{"line":83,"column":1}}},"1":{"name":"(anonymous_2)","decl":{"start":{"line":29,"column":61},"end":{"line":29,"column":62}},"loc":{"start":{"line":29,"column":67},"end":{"line":34,"column":3}}},"2":{"name":"(anonymous_3)","decl":{"start":{"line":36,"column":21},"end":{"line":36,"column":22}},"loc":{"start":{"line":36,"column":38},"end":{"line":47,"column":3}}},"3":{"name":"(anonymous_4)","decl":{"start":{"line":49,"column":22},"end":{"line":49,"column":25}},"loc":{"start":{"line":49,"column":27},"end":{"line":59,"column":3}}}},"branchMap":{"0":{"loc":{"start":{"line":21,"column":2},"end":{"line":23,"column":null}},"type":"if","locations":[{"start":{"line":21,"column":2},"end":{"line":23,"column":null}}]},"1":{"loc":{"start":{"line":31,"column":4},"end":{"line":33,"column":null}},"type":"if","locations":[{"start":{"line":31,"column":4},"end":{"line":33,"column":null}}]},"2":{"loc":{"start":{"line":37,"column":4},"end":{"line":46,"column":null}},"type":"switch","locations":[{"start":{"line":38,"column":6},"end":{"line":39,"column":34}},{"start":{"line":40,"column":6},"end":{"line":41,"column":32}},{"start":{"line":42,"column":6},"end":{"line":43,"column":31}},{"start":{"line":44,"column":6},"end":{"line":45,"column":32}}]},"3":{"loc":{"start":{"line":61,"column":2},"end":{"line":63,"column":null}},"type":"if","locations":[{"start":{"line":61,"column":2},"end":{"line":63,"column":null}}]}},"s":{"0":2,"1":2,"2":2,"3":2,"4":2,"5":6,"6":6,"7":6,"8":6,"9":0,"10":6,"11":6,"12":6,"13":6,"14":0,"15":0,"16":0,"17":6,"18":6,"19":0,"20":6,"21":0,"22":0,"23":6,"24":0,"25":0,"26":6,"27":0,"28":6,"29":2},"f":{"0":6,"1":0,"2":6,"3":0},"b":{"0":[0],"1":[0],"2":[0,6,0,0],"3":[0]}}
,"C:\\WEB\\RS\\ygo\\src\\components\\CardItem\\index.tsx": {"path":"C:\\WEB\\RS\\ygo\\src\\components\\CardItem\\index.tsx","statementMap":{"0":{"start":{"line":1,"column":0},"end":{"line":1,"column":31}},"1":{"start":{"line":3,"column":0},"end":{"line":3,"column":40}},"2":{"start":{"line":6,"column":0},"end":{"line":6,"column":47}},"3":{"start":{"line":7,"column":0},"end":{"line":7,"column":65}},"4":{"start":{"line":8,"column":0},"end":{"line":8,"column":53}},"5":{"start":{"line":11,"column":0},"end":{"line":11,"column":44}},"6":{"start":{"line":17,"column":43},"end":{"line":108,"column":1}},"7":{"start":{"line":18,"column":19},"end":{"line":18,"column":35}},"8":{"start":{"line":19,"column":20},"end":{"line":19,"column":35}},"9":{"start":{"line":20,"column":17},"end":{"line":20,"column":28}},"10":{"start":{"line":22,"column":21},"end":{"line":33,"column":3}},"11":{"start":{"line":23,"column":4},"end":{"line":32,"column":null}},"12":{"start":{"line":25,"column":8},"end":{"line":25,"column":34}},"13":{"start":{"line":27,"column":8},"end":{"line":27,"column":32}},"14":{"start":{"line":29,"column":8},"end":{"line":29,"column":31}},"15":{"start":{"line":31,"column":8},"end":{"line":31,"column":32}},"16":{"start":{"line":35,"column":26},"end":{"line":52,"column":3}},"17":{"start":{"line":36,"column":4},"end":{"line":51,"column":null}},"18":{"start":{"line":38,"column":8},"end":{"line":38,"column":31}},"19":{"start":{"line":40,"column":8},"end":{"line":40,"column":33}},"20":{"start":{"line":42,"column":8},"end":{"line":42,"column":32}},"21":{"start":{"line":44,"column":8},"end":{"line":44,"column":31}},"22":{"start":{"line":46,"column":8},"end":{"line":46,"column":32}},"23":{"start":{"line":48,"column":8},"end":{"line":48,"column":32}},"24":{"start":{"line":50,"column":8},"end":{"line":50,"column":31}},"25":{"start":{"line":54,"column":61},"end":{"line":59,"column":3}},"26":{"start":{"line":55,"column":19},"end":{"line":55,"column":47}},"27":{"start":{"line":56,"column":4},"end":{"line":58,"column":null}},"28":{"start":{"line":57,"column":6},"end":{"line":57,"column":35}},"29":{"start":{"line":61,"column":26},"end":{"line":73,"column":3}},"30":{"start":{"line":62,"column":15},"end":{"line":62,"column":22}},"31":{"start":{"line":63,"column":4},"end":{"line":63,"column":24}},"32":{"start":{"line":64,"column":4},"end":{"line":64,"column":35}},"33":{"start":{"line":65,"column":4},"end":{"line":72,"column":6}},"34":{"start":{"line":75,"column":2},"end":{"line":107,"column":4}},"35":{"start":{"line":17,"column":13},"end":{"line":17,"column":43}}},"fnMap":{"0":{"name":"(anonymous_1)","decl":{"start":{"line":17,"column":43},"end":{"line":17,"column":44}},"loc":{"start":{"line":17,"column":56},"end":{"line":108,"column":1}}},"1":{"name":"(anonymous_2)","decl":{"start":{"line":22,"column":21},"end":{"line":22,"column":22}},"loc":{"start":{"line":22,"column":38},"end":{"line":33,"column":3}}},"2":{"name":"(anonymous_3)","decl":{"start":{"line":35,"column":26},"end":{"line":35,"column":27}},"loc":{"start":{"line":35,"column":48},"end":{"line":52,"column":3}}},"3":{"name":"(anonymous_4)","decl":{"start":{"line":54,"column":61},"end":{"line":54,"column":62}},"loc":{"start":{"line":54,"column":67},"end":{"line":59,"column":3}}},"4":{"name":"(anonymous_5)","decl":{"start":{"line":61,"column":26},"end":{"line":61,"column":29}},"loc":{"start":{"line":61,"column":31},"end":{"line":73,"column":3}}}},"branchMap":{"0":{"loc":{"start":{"line":23,"column":4},"end":{"line":32,"column":null}},"type":"switch","locations":[{"start":{"line":24,"column":6},"end":{"line":25,"column":34}},{"start":{"line":26,"column":6},"end":{"line":27,"column":32}},{"start":{"line":28,"column":6},"end":{"line":29,"column":31}},{"start":{"line":30,"column":6},"end":{"line":31,"column":32}}]},"1":{"loc":{"start":{"line":36,"column":4},"end":{"line":51,"column":null}},"type":"switch","locations":[{"start":{"line":37,"column":6},"end":{"line":38,"column":31}},{"start":{"line":39,"column":6},"end":{"line":40,"column":33}},{"start":{"line":41,"column":6},"end":{"line":42,"column":32}},{"start":{"line":43,"column":6},"end":{"line":44,"column":31}},{"start":{"line":45,"column":6},"end":{"line":46,"column":32}},{"start":{"line":47,"column":6},"end":{"line":48,"column":32}},{"start":{"line":49,"column":6},"end":{"line":50,"column":31}}]},"2":{"loc":{"start":{"line":56,"column":4},"end":{"line":58,"column":null}},"type":"if","locations":[{"start":{"line":56,"column":4},"end":{"line":58,"column":null}}]},"3":{"loc":{"start":{"line":83,"column":10},"end":{"line":83,"column":null}},"type":"cond-expr","locations":[{"start":{"line":83,"column":42},"end":{"line":83,"column":70}},{"start":{"line":83,"column":73},"end":{"line":83,"column":null}}]},"4":{"loc":{"start":{"line":96,"column":66},"end":{"line":96,"column":86}},"type":"binary-expr","locations":[{"start":{"line":96,"column":66},"end":{"line":96,"column":80}},{"start":{"line":96,"column":84},"end":{"line":96,"column":86}}]},"5":{"loc":{"start":{"line":97,"column":11},"end":{"line":97,"column":95}},"type":"binary-expr","locations":[{"start":{"line":97,"column":11},"end":{"line":97,"column":40}},{"start":{"line":97,"column":44},"end":{"line":97,"column":68}},{"start":{"line":97,"column":72},"end":{"line":97,"column":95}}]},"6":{"loc":{"start":{"line":99,"column":9},"end":{"line":103,"column":null}},"type":"binary-expr","locations":[{"start":{"line":99,"column":9},"end":{"line":99,"column":38}},{"start":{"line":100,"column":10},"end":{"line":102,"column":null}}]},"7":{"loc":{"start":{"line":102,"column":65},"end":{"line":102,"column":82}},"type":"binary-expr","locations":[{"start":{"line":102,"column":65},"end":{"line":102,"column":73}},{"start":{"line":102,"column":77},"end":{"line":102,"column":82}}]}},"s":{"0":3,"1":3,"2":3,"3":3,"4":3,"5":3,"6":3,"7":159,"8":159,"9":159,"10":159,"11":159,"12":41,"13":117,"14":1,"15":0,"16":159,"17":159,"18":0,"19":0,"20":15,"21":0,"22":0,"23":13,"24":13,"25":159,"26":0,"27":0,"28":0,"29":159,"30":0,"31":0,"32":0,"33":0,"34":159,"35":3},"f":{"0":159,"1":159,"2":159,"3":0,"4":0},"b":{"0":[41,117,1,0],"1":[0,0,15,0,0,13,13],"2":[0],"3":[41,118],"4":[159,118],"5":[159,118,1],"6":[159,41],"7":[41,0]}}
,"C:\\WEB\\RS\\ygo\\src\\components\\CardList\\index.tsx": {"path":"C:\\WEB\\RS\\ygo\\src\\components\\CardList\\index.tsx","statementMap":{"0":{"start":{"line":4,"column":0},"end":{"line":4,"column":50}},"1":{"start":{"line":5,"column":0},"end":{"line":5,"column":49}},"2":{"start":{"line":8,"column":0},"end":{"line":8,"column":39}},"3":{"start":{"line":9,"column":0},"end":{"line":9,"column":47}},"4":{"start":{"line":10,"column":0},"end":{"line":10,"column":43}},"5":{"start":{"line":11,"column":0},"end":{"line":11,"column":44}},"6":{"start":{"line":17,"column":44},"end":{"line":58,"column":1}},"7":{"start":{"line":18,"column":28},"end":{"line":18,"column":35}},"8":{"start":{"line":19,"column":27},"end":{"line":19,"column":79}},"9":{"start":{"line":19,"column":53},"end":{"line":19,"column":78}},"10":{"start":{"line":21,"column":19},"end":{"line":21,"column":29}},"11":{"start":{"line":22,"column":15},"end":{"line":22,"column":25}},"12":{"start":{"line":24,"column":2},"end":{"line":26,"column":null}},"13":{"start":{"line":25,"column":4},"end":{"line":25,"column":82}},"14":{"start":{"line":28,"column":2},"end":{"line":57,"column":4}},"15":{"start":{"line":48,"column":12},"end":{"line":48,"column":58}},"16":{"start":{"line":17,"column":13},"end":{"line":17,"column":44}}},"fnMap":{"0":{"name":"(anonymous_1)","decl":{"start":{"line":17,"column":44},"end":{"line":17,"column":45}},"loc":{"start":{"line":17,"column":60},"end":{"line":58,"column":1}}},"1":{"name":"(anonymous_2)","decl":{"start":{"line":19,"column":42},"end":{"line":19,"column":43}},"loc":{"start":{"line":19,"column":53},"end":{"line":19,"column":78}}},"2":{"name":"(anonymous_3)","decl":{"start":{"line":47,"column":24},"end":{"line":47,"column":25}},"loc":{"start":{"line":47,"column":40},"end":{"line":49,"column":11}}}},"branchMap":{"0":{"loc":{"start":{"line":24,"column":2},"end":{"line":26,"column":null}},"type":"if","locations":[{"start":{"line":24,"column":2},"end":{"line":26,"column":null}}]},"1":{"loc":{"start":{"line":30,"column":7},"end":{"line":33,"column":null}},"type":"binary-expr","locations":[{"start":{"line":30,"column":7},"end":{"line":30,"column":15}},{"start":{"line":31,"column":8},"end":{"line":32,"column":null}}]},"2":{"loc":{"start":{"line":46,"column":9},"end":{"line":49,"column":12}},"type":"binary-expr","locations":[{"start":{"line":46,"column":9},"end":{"line":46,"column":17}},{"start":{"line":47,"column":10},"end":{"line":49,"column":12}}]},"3":{"loc":{"start":{"line":51,"column":7},"end":{"line":54,"column":null}},"type":"binary-expr","locations":[{"start":{"line":51,"column":7},"end":{"line":51,"column":15}},{"start":{"line":51,"column":19},"end":{"line":51,"column":37}},{"start":{"line":52,"column":8},"end":{"line":53,"column":null}}]}},"s":{"0":2,"1":2,"2":2,"3":2,"4":2,"5":2,"6":2,"7":6,"8":6,"9":13,"10":6,"11":6,"12":6,"13":0,"14":6,"15":72,"16":2},"f":{"0":6,"1":13,"2":72},"b":{"0":[0],"1":[6,6],"2":[6,6],"3":[6,6,6]}}
,"C:\\WEB\\RS\\ygo\\src\\components\\ErrorFallback\\index.tsx": {"path":"C:\\WEB\\RS\\ygo\\src\\components\\ErrorFallback\\index.tsx","statementMap":{"0":{"start":{"line":1,"column":0},"end":{"line":1,"column":34}},"1":{"start":{"line":3,"column":0},"end":{"line":3,"column":49}},"2":{"start":{"line":11,"column":4},"end":{"line":11,"column":17}},"3":{"start":{"line":14,"column":18},"end":{"line":16,"column":3}},"4":{"start":{"line":15,"column":4},"end":{"line":15,"column":33}},"5":{"start":{"line":19,"column":4},"end":{"line":25,"column":6}},"6":{"start":{"line":9,"column":0},"end":{"line":9,"column":21}}},"fnMap":{"0":{"name":"(anonymous_1)","decl":{"start":{"line":10,"column":2},"end":{"line":10,"column":14}},"loc":{"start":{"line":10,"column":40},"end":{"line":12,"column":3}}},"1":{"name":"(anonymous_2)","decl":{"start":{"line":14,"column":18},"end":{"line":14,"column":21}},"loc":{"start":{"line":14,"column":23},"end":{"line":16,"column":3}}},"2":{"name":"(anonymous_3)","decl":{"start":{"line":18,"column":2},"end":{"line":18,"column":8}},"loc":{"start":{"line":18,"column":8},"end":{"line":26,"column":3}}}},"branchMap":{},"s":{"0":1,"1":1,"2":1,"3":1,"4":0,"5":1,"6":1},"f":{"0":1,"1":0,"2":1},"b":{}}
,"C:\\WEB\\RS\\ygo\\src\\components\\ItemsPerPage\\index.tsx": {"path":"C:\\WEB\\RS\\ygo\\src\\components\\ItemsPerPage\\index.tsx","statementMap":{"0":{"start":{"line":1,"column":0},"end":{"line":1,"column":40}},"1":{"start":{"line":2,"column":0},"end":{"line":2,"column":44}},"2":{"start":{"line":4,"column":0},"end":{"line":4,"column":48}},"3":{"start":{"line":6,"column":28},"end":{"line":35,"column":1}},"4":{"start":{"line":7,"column":17},"end":{"line":7,"column":28}},"5":{"start":{"line":8,"column":42},"end":{"line":8,"column":74}},"6":{"start":{"line":10,"column":2},"end":{"line":20,"column":21}},"7":{"start":{"line":11,"column":4},"end":{"line":11,"column":41}},"8":{"start":{"line":12,"column":4},"end":{"line":19,"column":6}},"9":{"start":{"line":22,"column":2},"end":{"line":34,"column":4}},"10":{"start":{"line":24,"column":58},"end":{"line":24,"column":76}},"11":{"start":{"line":27,"column":58},"end":{"line":27,"column":76}},"12":{"start":{"line":30,"column":59},"end":{"line":30,"column":78}},"13":{"start":{"line":6,"column":13},"end":{"line":6,"column":28}}},"fnMap":{"0":{"name":"(anonymous_1)","decl":{"start":{"line":6,"column":28},"end":{"line":6,"column":31}},"loc":{"start":{"line":6,"column":33},"end":{"line":35,"column":1}}},"1":{"name":"(anonymous_2)","decl":{"start":{"line":10,"column":12},"end":{"line":10,"column":15}},"loc":{"start":{"line":10,"column":17},"end":{"line":20,"column":3}}},"2":{"name":"(anonymous_3)","decl":{"start":{"line":24,"column":52},"end":{"line":24,"column":55}},"loc":{"start":{"line":24,"column":58},"end":{"line":24,"column":76}}},"3":{"name":"(anonymous_4)","decl":{"start":{"line":27,"column":52},"end":{"line":27,"column":55}},"loc":{"start":{"line":27,"column":58},"end":{"line":27,"column":76}}},"4":{"name":"(anonymous_5)","decl":{"start":{"line":30,"column":53},"end":{"line":30,"column":56}},"loc":{"start":{"line":30,"column":59},"end":{"line":30,"column":78}}}},"branchMap":{"0":{"loc":{"start":{"line":8,"column":51},"end":{"line":8,"column":73}},"type":"binary-expr","locations":[{"start":{"line":8,"column":51},"end":{"line":8,"column":67}},{"start":{"line":8,"column":71},"end":{"line":8,"column":73}}]}},"s":{"0":2,"1":2,"2":2,"3":2,"4":14,"5":14,"6":14,"7":6,"8":6,"9":14,"10":1,"11":0,"12":0,"13":2},"f":{"0":14,"1":6,"2":1,"3":0,"4":0},"b":{"0":[14,2]}}
,"C:\\WEB\\RS\\ygo\\src\\components\\Pagination\\index.tsx": {"path":"C:\\WEB\\RS\\ygo\\src\\components\\Pagination\\index.tsx","statementMap":{"0":{"start":{"line":1,"column":0},"end":{"line":1,"column":31}},"1":{"start":{"line":2,"column":0},"end":{"line":2,"column":50}},"2":{"start":{"line":3,"column":0},"end":{"line":3,"column":40}},"3":{"start":{"line":4,"column":0},"end":{"line":4,"column":48}},"4":{"start":{"line":5,"column":0},"end":{"line":5,"column":39}},"5":{"start":{"line":6,"column":0},"end":{"line":6,"column":39}},"6":{"start":{"line":9,"column":0},"end":{"line":9,"column":46}},"7":{"start":{"line":15,"column":48},"end":{"line":56,"column":1}},"8":{"start":{"line":16,"column":17},"end":{"line":16,"column":28}},"9":{"start":{"line":18,"column":40},"end":{"line":18,"column":74}},"10":{"start":{"line":19,"column":23},"end":{"line":19,"column":40}},"11":{"start":{"line":21,"column":25},"end":{"line":23,"column":3}},"12":{"start":{"line":22,"column":4},"end":{"line":22,"column":44}},"13":{"start":{"line":25,"column":25},"end":{"line":27,"column":3}},"14":{"start":{"line":26,"column":4},"end":{"line":26,"column":44}},"15":{"start":{"line":29,"column":2},"end":{"line":39,"column":20}},"16":{"start":{"line":30,"column":4},"end":{"line":30,"column":41}},"17":{"start":{"line":31,"column":4},"end":{"line":38,"column":6}},"18":{"start":{"line":41,"column":2},"end":{"line":43,"column":null}},"19":{"start":{"line":42,"column":4},"end":{"line":42,"column":43}},"20":{"start":{"line":45,"column":2},"end":{"line":55,"column":4}},"21":{"start":{"line":15,"column":13},"end":{"line":15,"column":48}}},"fnMap":{"0":{"name":"(anonymous_1)","decl":{"start":{"line":15,"column":48},"end":{"line":15,"column":49}},"loc":{"start":{"line":15,"column":61},"end":{"line":56,"column":1}}},"1":{"name":"(anonymous_2)","decl":{"start":{"line":21,"column":25},"end":{"line":21,"column":28}},"loc":{"start":{"line":21,"column":30},"end":{"line":23,"column":3}}},"2":{"name":"(anonymous_3)","decl":{"start":{"line":25,"column":25},"end":{"line":25,"column":28}},"loc":{"start":{"line":25,"column":30},"end":{"line":27,"column":3}}},"3":{"name":"(anonymous_4)","decl":{"start":{"line":29,"column":12},"end":{"line":29,"column":15}},"loc":{"start":{"line":29,"column":17},"end":{"line":39,"column":3}}}},"branchMap":{"0":{"loc":{"start":{"line":18,"column":49},"end":{"line":18,"column":73}},"type":"binary-expr","locations":[{"start":{"line":18,"column":49},"end":{"line":18,"column":68}},{"start":{"line":18,"column":72},"end":{"line":18,"column":73}}]},"1":{"loc":{"start":{"line":41,"column":2},"end":{"line":43,"column":null}},"type":"if","locations":[{"start":{"line":41,"column":2},"end":{"line":43,"column":null}}]},"2":{"loc":{"start":{"line":50,"column":31},"end":{"line":50,"column":65}},"type":"binary-expr","locations":[{"start":{"line":50,"column":31},"end":{"line":50,"column":56}},{"start":{"line":50,"column":60},"end":{"line":50,"column":65}}]}},"s":{"0":3,"1":3,"2":3,"3":3,"4":3,"5":3,"6":3,"7":3,"8":30,"9":30,"10":30,"11":30,"12":0,"13":30,"14":0,"15":30,"16":12,"17":12,"18":30,"19":0,"20":30,"21":3},"f":{"0":30,"1":0,"2":0,"3":12},"b":{"0":[30,5],"1":[0],"2":[30,30]}}
,"C:\\WEB\\RS\\ygo\\src\\components\\Search\\index.tsx": {"path":"C:\\WEB\\RS\\ygo\\src\\components\\Search\\index.tsx","statementMap":{"0":{"start":{"line":1,"column":0},"end":{"line":1,"column":40}},"1":{"start":{"line":2,"column":0},"end":{"line":2,"column":83}},"2":{"start":{"line":3,"column":0},"end":{"line":3,"column":49}},"3":{"start":{"line":5,"column":0},"end":{"line":5,"column":61}},"4":{"start":{"line":7,"column":0},"end":{"line":7,"column":42}},"5":{"start":{"line":9,"column":26},"end":{"line":71,"column":1}},"6":{"start":{"line":10,"column":38},"end":{"line":10,"column":50}},"7":{"start":{"line":11,"column":29},"end":{"line":11,"column":48}},"8":{"start":{"line":12,"column":19},"end":{"line":12,"column":35}},"9":{"start":{"line":13,"column":17},"end":{"line":13,"column":28}},"10":{"start":{"line":15,"column":2},"end":{"line":22,"column":9}},"11":{"start":{"line":16,"column":31},"end":{"line":16,"column":71}},"12":{"start":{"line":17,"column":4},"end":{"line":20,"column":null}},"13":{"start":{"line":18,"column":6},"end":{"line":18,"column":51}},"14":{"start":{"line":19,"column":6},"end":{"line":19,"column":40}},"15":{"start":{"line":24,"column":24},"end":{"line":45,"column":3}},"16":{"start":{"line":25,"column":31},"end":{"line":27,"column":6}},"17":{"start":{"line":29,"column":4},"end":{"line":31,"column":null}},"18":{"start":{"line":30,"column":6},"end":{"line":30,"column":33}},"19":{"start":{"line":33,"column":4},"end":{"line":33,"column":41}},"20":{"start":{"line":34,"column":4},"end":{"line":34,"column":36}},"21":{"start":{"line":35,"column":4},"end":{"line":35,"column":31}},"22":{"start":{"line":36,"column":4},"end":{"line":43,"column":6}},"23":{"start":{"line":44,"column":4},"end":{"line":44,"column":57}},"24":{"start":{"line":47,"column":64},"end":{"line":49,"column":3}},"25":{"start":{"line":48,"column":4},"end":{"line":48,"column":43}},"26":{"start":{"line":48,"column":27},"end":{"line":48,"column":43}},"27":{"start":{"line":51,"column":25},"end":{"line":53,"column":3}},"28":{"start":{"line":52,"column":4},"end":{"line":52,"column":34}},"29":{"start":{"line":55,"column":2},"end":{"line":70,"column":4}},"30":{"start":{"line":9,"column":13},"end":{"line":9,"column":26}}},"fnMap":{"0":{"name":"(anonymous_1)","decl":{"start":{"line":9,"column":26},"end":{"line":9,"column":29}},"loc":{"start":{"line":9,"column":31},"end":{"line":71,"column":1}}},"1":{"name":"(anonymous_2)","decl":{"start":{"line":15,"column":12},"end":{"line":15,"column":15}},"loc":{"start":{"line":15,"column":17},"end":{"line":22,"column":3}}},"2":{"name":"(anonymous_3)","decl":{"start":{"line":24,"column":24},"end":{"line":24,"column":29}},"loc":{"start":{"line":24,"column":35},"end":{"line":45,"column":3}}},"3":{"name":"(anonymous_4)","decl":{"start":{"line":47,"column":64},"end":{"line":47,"column":69}},"loc":{"start":{"line":47,"column":76},"end":{"line":49,"column":3}}},"4":{"name":"(anonymous_5)","decl":{"start":{"line":51,"column":25},"end":{"line":51,"column":26}},"loc":{"start":{"line":51,"column":62},"end":{"line":53,"column":3}}}},"branchMap":{"0":{"loc":{"start":{"line":16,"column":31},"end":{"line":16,"column":71}},"type":"binary-expr","locations":[{"start":{"line":16,"column":31},"end":{"line":16,"column":65}},{"start":{"line":16,"column":69},"end":{"line":16,"column":71}}]},"1":{"loc":{"start":{"line":17,"column":4},"end":{"line":20,"column":null}},"type":"if","locations":[{"start":{"line":17,"column":4},"end":{"line":20,"column":null}}]},"2":{"loc":{"start":{"line":29,"column":4},"end":{"line":31,"column":null}},"type":"if","locations":[{"start":{"line":29,"column":4},"end":{"line":31,"column":null}}]},"3":{"loc":{"start":{"line":44,"column":39},"end":{"line":44,"column":55}},"type":"binary-expr","locations":[{"start":{"line":44,"column":39},"end":{"line":44,"column":49}},{"start":{"line":44,"column":53},"end":{"line":44,"column":55}}]},"4":{"loc":{"start":{"line":48,"column":4},"end":{"line":48,"column":43}},"type":"if","locations":[{"start":{"line":48,"column":4},"end":{"line":48,"column":43}}]}},"s":{"0":2,"1":2,"2":2,"3":2,"4":2,"5":2,"6":10,"7":10,"8":10,"9":10,"10":10,"11":4,"12":4,"13":0,"14":0,"15":10,"16":1,"17":1,"18":1,"19":1,"20":1,"21":1,"22":1,"23":1,"24":10,"25":0,"26":0,"27":10,"28":1,"29":10,"30":2},"f":{"0":10,"1":4,"2":1,"3":0,"4":1},"b":{"0":[4,4],"1":[0],"2":[1],"3":[1,0],"4":[0]}}
,"C:\\WEB\\RS\\ygo\\src\\pages\\MainPage\\index.tsx": {"path":"C:\\WEB\\RS\\ygo\\src\\pages\\MainPage\\index.tsx","statementMap":{"0":{"start":{"line":1,"column":0},"end":{"line":1,"column":58}},"1":{"start":{"line":2,"column":0},"end":{"line":2,"column":65}},"2":{"start":{"line":3,"column":0},"end":{"line":3,"column":51}},"3":{"start":{"line":4,"column":0},"end":{"line":4,"column":47}},"4":{"start":{"line":7,"column":0},"end":{"line":7,"column":44}},"5":{"start":{"line":19,"column":44},"end":{"line":50,"column":1}},"6":{"start":{"line":20,"column":52},"end":{"line":20,"column":64}},"7":{"start":{"line":22,"column":2},"end":{"line":26,"column":26}},"8":{"start":{"line":23,"column":4},"end":{"line":25,"column":null}},"9":{"start":{"line":24,"column":6},"end":{"line":24,"column":41}},"10":{"start":{"line":28,"column":2},"end":{"line":30,"column":null}},"11":{"start":{"line":29,"column":4},"end":{"line":29,"column":50}},"12":{"start":{"line":32,"column":40},"end":{"line":32,"column":47}},"13":{"start":{"line":34,"column":27},"end":{"line":36,"column":3}},"14":{"start":{"line":35,"column":4},"end":{"line":35,"column":58}},"15":{"start":{"line":38,"column":2},"end":{"line":49,"column":4}},"16":{"start":{"line":19,"column":13},"end":{"line":19,"column":44}}},"fnMap":{"0":{"name":"(anonymous_1)","decl":{"start":{"line":19,"column":44},"end":{"line":19,"column":45}},"loc":{"start":{"line":19,"column":60},"end":{"line":50,"column":1}}},"1":{"name":"(anonymous_2)","decl":{"start":{"line":22,"column":12},"end":{"line":22,"column":15}},"loc":{"start":{"line":22,"column":17},"end":{"line":26,"column":3}}},"2":{"name":"(anonymous_3)","decl":{"start":{"line":34,"column":27},"end":{"line":34,"column":30}},"loc":{"start":{"line":34,"column":32},"end":{"line":36,"column":3}}}},"branchMap":{"0":{"loc":{"start":{"line":23,"column":4},"end":{"line":25,"column":null}},"type":"if","locations":[{"start":{"line":23,"column":4},"end":{"line":25,"column":null}}]},"1":{"loc":{"start":{"line":28,"column":2},"end":{"line":30,"column":null}},"type":"if","locations":[{"start":{"line":28,"column":2},"end":{"line":30,"column":null}}]}},"s":{"0":1,"1":1,"2":1,"3":1,"4":1,"5":1,"6":5,"7":5,"8":5,"9":1,"10":5,"11":1,"12":4,"13":4,"14":1,"15":4,"16":1},"f":{"0":5,"1":5,"2":1},"b":{"0":[1],"1":[1]}}
,"C:\\WEB\\RS\\ygo\\src\\utils\\test-utils.tsx": {"path":"C:\\WEB\\RS\\ygo\\src\\utils\\test-utils.tsx","statementMap":{"0":{"start":{"line":2,"column":0},"end":{"line":2,"column":48}},"1":{"start":{"line":5,"column":0},"end":{"line":5,"column":39}},"2":{"start":{"line":7,"column":0},"end":{"line":7,"column":44}},"3":{"start":{"line":20,"column":4},"end":{"line":20,"column":57}},"4":{"start":{"line":22,"column":2},"end":{"line":22,"column":74}},"5":{"start":{"line":15,"column":0},"end":{"line":15,"column":16}}},"fnMap":{"0":{"name":"renderWithProviders","decl":{"start":{"line":15,"column":16},"end":{"line":15,"column":35}},"loc":{"start":{"line":17,"column":93},"end":{"line":23,"column":1}}},"1":{"name":"Wrapper","decl":{"start":{"line":19,"column":11},"end":{"line":19,"column":18}},"loc":{"start":{"line":19,"column":58},"end":{"line":21,"column":3}}}},"branchMap":{"0":{"loc":{"start":{"line":17,"column":2},"end":{"line":17,"column":93}},"type":"default-arg","locations":[{"start":{"line":17,"column":91},"end":{"line":17,"column":93}}]},"1":{"loc":{"start":{"line":17,"column":4},"end":{"line":17,"column":23}},"type":"default-arg","locations":[{"start":{"line":17,"column":21},"end":{"line":17,"column":23}}]},"2":{"loc":{"start":{"line":17,"column":25},"end":{"line":17,"column":45}},"type":"default-arg","locations":[{"start":{"line":17,"column":33},"end":{"line":17,"column":45}}]}},"s":{"0":6,"1":6,"2":6,"3":13,"4":13,"5":6},"f":{"0":13,"1":13},"b":{"0":[13],"1":[13],"2":[13]}}
}
