TN:
SF:src\index.tsx
FN:9,deferRender
FN:14,(anonymous_8)
FNF:2
FNH:0
FNDA:0,deferRender
FNDA:0,(anonymous_8)
DA:1,0
DA:2,0
DA:3,0
DA:5,0
DA:6,0
DA:7,0
DA:10,0
DA:11,0
DA:14,0
DA:16,0
DA:19,0
DA:22,0
LF:12
LH:0
BRDA:10,0,0,0
BRF:1
BRH:0
end_of_record
TN:
SF:src\app\App.tsx
FN:11,(anonymous_1)
FNF:1
FNH:0
FNDA:0,(anonymous_1)
DA:1,0
DA:2,0
DA:4,0
DA:5,0
DA:6,0
DA:7,0
DA:8,0
DA:11,0
DA:12,0
DA:13,0
DA:15,0
DA:22,0
LF:12
LH:0
BRF:0
BRH:0
end_of_record
TN:
SF:src\components\CardItem\index.tsx
FN:12,(anonymous_1)
FN:16,(anonymous_2)
FN:29,(anonymous_3)
FN:48,(anonymous_4)
FN:59,(anonymous_5)
FNF:5
FNH:3
FNDA:12,(anonymous_1)
FNDA:12,(anonymous_2)
FNDA:12,(anonymous_3)
FNDA:0,(anonymous_4)
FNDA:0,(anonymous_5)
DA:2,2
DA:4,2
DA:6,2
DA:12,2
DA:13,12
DA:14,12
DA:16,12
DA:17,12
DA:19,4
DA:21,8
DA:23,0
DA:25,0
DA:29,12
DA:30,12
DA:32,0
DA:34,0
DA:36,4
DA:38,0
DA:40,0
DA:42,0
DA:44,0
DA:48,12
DA:49,0
DA:50,0
DA:51,0
DA:55,12
DA:59,0
LF:27
LH:15
BRDA:17,0,0,4
BRDA:17,0,1,8
BRDA:17,0,2,0
BRDA:17,0,3,0
BRDA:30,1,0,0
BRDA:30,1,1,0
BRDA:30,1,2,4
BRDA:30,1,3,0
BRDA:30,1,4,0
BRDA:30,1,5,0
BRDA:30,1,6,0
BRDA:50,2,0,0
BRDA:63,3,0,4
BRDA:63,3,1,8
BRDA:74,4,0,12
BRDA:74,4,1,8
BRDA:75,5,0,12
BRDA:75,5,1,8
BRDA:75,5,2,0
BRDA:77,6,0,12
BRDA:77,6,1,4
BRDA:80,7,0,4
BRDA:80,7,1,0
BRF:23
BRH:12
end_of_record
TN:
SF:src\components\CardList\index.tsx
FN:17,(anonymous_7)
FN:31,(anonymous_8)
FN:37,(anonymous_9)
FNF:3
FNH:3
FNDA:4,(anonymous_7)
FNDA:12,(anonymous_8)
FNDA:6,(anonymous_9)
DA:1,2
DA:2,2
DA:3,2
DA:5,2
DA:7,2
DA:8,2
DA:9,2
DA:17,2
DA:18,4
DA:19,4
DA:20,4
DA:32,12
DA:38,6
LF:13
LH:13
BRDA:22,0,0,4
BRDA:22,0,1,2
BRDA:22,0,2,1
BRDA:25,1,0,4
BRDA:25,1,1,3
BRDA:25,1,2,2
BRDA:27,2,0,4
BRDA:27,2,1,1
BRDA:36,3,0,4
BRDA:36,3,1,3
BRF:10
BRH:10
end_of_record
TN:
SF:src\components\ErrorBoundary\index.tsx
FN:18,(anonymous_1)
FN:22,(anonymous_2)
FNF:2
FNH:0
FNDA:0,(anonymous_1)
FNDA:0,(anonymous_2)
DA:1,0
DA:3,0
DA:13,0
DA:14,0
DA:19,0
DA:23,0
DA:24,0
DA:26,0
DA:27,0
DA:30,0
LF:10
LH:0
BRDA:26,0,0,0
BRF:1
BRH:0
end_of_record
TN:
SF:src\components\ErrorFallback\index.tsx
FN:10,(anonymous_1)
FN:14,(anonymous_2)
FN:18,(anonymous_3)
FNF:3
FNH:0
FNDA:0,(anonymous_1)
FNDA:0,(anonymous_2)
FNDA:0,(anonymous_3)
DA:1,0
DA:3,0
DA:9,0
DA:11,0
DA:14,0
DA:15,0
DA:19,0
LF:7
LH:0
BRF:0
BRH:0
end_of_record
TN:
SF:src\components\Pagination\index.tsx
FN:17,(anonymous_1)
FN:25,(anonymous_2)
FN:27,(anonymous_3)
FN:34,(anonymous_4)
FN:36,(anonymous_5)
FN:43,(anonymous_6)
FNF:6
FNH:2
FNDA:4,(anonymous_1)
FNDA:0,(anonymous_2)
FNDA:0,(anonymous_3)
FNDA:0,(anonymous_4)
FNDA:0,(anonymous_5)
FNDA:2,(anonymous_6)
DA:1,2
DA:2,2
DA:4,2
DA:5,2
DA:6,2
DA:8,2
DA:10,2
DA:17,2
DA:18,4
DA:20,4
DA:22,4
DA:23,4
DA:25,4
DA:26,0
DA:27,0
DA:28,0
DA:29,0
DA:30,0
DA:34,4
DA:35,0
DA:36,0
DA:37,0
DA:38,0
DA:39,0
DA:43,4
DA:44,2
DA:45,2
DA:46,2
DA:47,0
DA:50,2
DA:53,4
DA:54,4
DA:57,0
LF:33
LH:21
BRDA:23,0,0,0
BRDA:23,0,1,4
BRDA:46,1,0,0
BRDA:53,2,0,4
BRDA:59,3,0,0
BRDA:59,3,1,0
BRDA:60,4,0,0
BRDA:60,4,1,0
BRDA:63,5,0,0
BRDA:63,5,1,0
BRDA:64,6,0,0
BRDA:64,6,1,0
BRF:12
BRH:2
end_of_record
TN:
SF:src\components\Search\index.tsx
FN:12,(anonymous_1)
FNF:1
FNH:1
FNDA:2,(anonymous_1)
DA:3,1
DA:12,1
DA:13,2
LF:3
LH:3
BRF:0
BRH:0
end_of_record
TN:
SF:src\pages\MainPage\index.tsx
FN:25,(anonymous_1)
FN:34,(anonymous_2)
FN:48,(anonymous_3)
FN:52,(anonymous_4)
FN:56,(anonymous_5)
FN:60,(anonymous_6)
FN:68,(anonymous_7)
FN:80,(anonymous_8)
FN:84,(anonymous_9)
FNF:9
FNH:5
FNDA:2,(anonymous_1)
FNDA:0,(anonymous_2)
FNDA:0,(anonymous_3)
FNDA:0,(anonymous_4)
FNDA:0,(anonymous_5)
FNDA:1,(anonymous_6)
FNDA:1,(anonymous_7)
FNDA:1,(anonymous_8)
FNDA:1,(anonymous_9)
DA:1,1
DA:10,1
DA:12,1
DA:13,1
DA:14,1
DA:15,1
DA:17,1
DA:25,1
DA:26,2
DA:27,2
DA:29,2
DA:30,2
DA:31,2
DA:32,2
DA:34,2
DA:35,0
DA:39,0
DA:40,0
DA:43,0
DA:45,0
DA:48,2
DA:49,0
DA:52,2
DA:53,0
DA:56,2
DA:57,0
DA:60,2
DA:61,1
DA:62,1
DA:63,0
DA:64,0
DA:68,2
DA:69,1
DA:71,1
DA:72,0
DA:73,0
DA:74,0
DA:75,0
DA:76,0
DA:80,2
DA:81,1
DA:84,2
DA:85,1
DA:86,0
DA:90,2
LF:45
LH:29
BRDA:39,0,0,0
BRDA:49,1,0,0
BRDA:61,2,0,1
BRDA:61,2,1,1
BRDA:62,3,0,0
BRDA:71,4,0,1
BRDA:71,4,1,1
BRDA:72,5,0,0
BRDA:76,6,0,0
BRDA:76,6,1,0
BRDA:85,7,0,0
BRF:11
BRH:4
end_of_record
TN:
SF:src\pages\NotFound\index.tsx
FN:5,(anonymous_1)
FNF:1
FNH:0
FNDA:0,(anonymous_1)
DA:1,0
DA:3,0
DA:5,0
DA:6,0
LF:4
LH:0
BRF:0
BRH:0
end_of_record
