TN:
SF:src\index.tsx
FNF:0
FNH:0
DA:1,0
DA:2,0
DA:3,0
DA:5,0
DA:6,0
DA:7,0
DA:9,0
DA:11,0
LF:8
LH:0
BRF:0
BRH:0
end_of_record
TN:
SF:src\app\App.tsx
FN:11,(anonymous_1)
FNF:1
FNH:1
FNDA:1,(anonymous_1)
DA:1,1
DA:2,1
DA:4,1
DA:5,1
DA:6,1
DA:7,1
DA:8,1
DA:11,1
DA:12,1
DA:13,1
DA:15,1
DA:22,1
LF:12
LH:12
BRF:0
BRH:0
end_of_record
TN:
SF:src\components\CardItem\index.tsx
FN:12,(anonymous_1)
FN:16,(anonymous_2)
FN:29,(anonymous_3)
FN:48,(anonymous_4)
FN:59,(anonymous_5)
FNF:5
FNH:3
FNDA:78,(anonymous_1)
FNDA:78,(anonymous_2)
FNDA:78,(anonymous_3)
FNDA:0,(anonymous_4)
FNDA:0,(anonymous_5)
DA:2,4
DA:4,4
DA:6,4
DA:12,4
DA:13,78
DA:14,78
DA:16,78
DA:17,78
DA:19,50
DA:21,14
DA:23,7
DA:25,7
DA:29,78
DA:30,78
DA:32,14
DA:34,7
DA:36,8
DA:38,7
DA:40,7
DA:42,7
DA:44,7
DA:48,78
DA:49,0
DA:50,0
DA:51,0
DA:55,78
DA:59,0
LF:27
LH:23
BRDA:17,0,0,50
BRDA:17,0,1,14
BRDA:17,0,2,7
BRDA:17,0,3,7
BRDA:30,1,0,14
BRDA:30,1,1,7
BRDA:30,1,2,8
BRDA:30,1,3,7
BRDA:30,1,4,7
BRDA:30,1,5,7
BRDA:30,1,6,7
BRDA:50,2,0,0
BRDA:63,3,0,50
BRDA:63,3,1,28
BRDA:74,4,0,78
BRDA:74,4,1,21
BRDA:75,5,0,78
BRDA:75,5,1,21
BRDA:75,5,2,7
BRDA:77,6,0,78
BRDA:77,6,1,50
BRDA:80,7,0,50
BRDA:80,7,1,0
BRF:23
BRH:21
end_of_record
TN:
SF:src\components\CardList\index.tsx
FN:17,(anonymous_7)
FN:30,(anonymous_8)
FN:36,(anonymous_9)
FNF:3
FNH:3
FNDA:14,(anonymous_7)
FNDA:72,(anonymous_8)
FNDA:66,(anonymous_9)
DA:1,3
DA:2,3
DA:3,3
DA:5,3
DA:7,3
DA:8,3
DA:9,3
DA:17,3
DA:18,14
DA:19,14
DA:31,72
DA:37,66
LF:12
LH:12
BRDA:21,0,0,14
BRDA:21,0,1,3
BRDA:21,0,2,2
BRDA:24,1,0,14
BRDA:24,1,1,8
BRDA:24,1,2,6
BRDA:26,2,0,14
BRDA:26,2,1,6
BRDA:35,3,0,14
BRDA:35,3,1,8
BRF:10
BRH:10
end_of_record
TN:
SF:src\components\ErrorBoundary\index.tsx
FN:18,(anonymous_1)
FN:22,(anonymous_2)
FNF:2
FNH:1
FNDA:0,(anonymous_1)
FNDA:1,(anonymous_2)
DA:1,1
DA:3,1
DA:13,1
DA:14,1
DA:19,0
DA:23,1
DA:24,1
DA:26,1
DA:27,0
DA:30,1
LF:10
LH:8
BRDA:26,0,0,0
BRF:1
BRH:0
end_of_record
TN:
SF:src\components\ErrorFallback\index.tsx
FN:10,(anonymous_1)
FN:14,(anonymous_2)
FN:18,(anonymous_3)
FNF:3
FNH:2
FNDA:1,(anonymous_1)
FNDA:0,(anonymous_2)
FNDA:1,(anonymous_3)
DA:1,2
DA:3,2
DA:9,2
DA:11,1
DA:14,1
DA:15,0
DA:19,1
LF:7
LH:6
BRF:0
BRH:0
end_of_record
TN:
SF:src\components\Pagination\index.tsx
FN:17,(anonymous_1)
FN:25,(anonymous_2)
FN:27,(anonymous_3)
FN:34,(anonymous_4)
FN:36,(anonymous_5)
FN:43,(anonymous_6)
FNF:6
FNH:2
FNDA:9,(anonymous_1)
FNDA:0,(anonymous_2)
FNDA:0,(anonymous_3)
FNDA:0,(anonymous_4)
FNDA:0,(anonymous_5)
FNDA:5,(anonymous_6)
DA:1,4
DA:2,4
DA:4,4
DA:5,4
DA:6,4
DA:8,4
DA:10,4
DA:17,4
DA:18,9
DA:20,9
DA:22,9
DA:23,9
DA:25,9
DA:26,0
DA:27,0
DA:28,0
DA:29,0
DA:30,0
DA:34,9
DA:35,0
DA:36,0
DA:37,0
DA:38,0
DA:39,0
DA:43,9
DA:44,5
DA:45,5
DA:46,5
DA:47,0
DA:50,5
DA:53,9
DA:54,4
DA:57,5
LF:33
LH:22
BRDA:23,0,0,5
BRDA:23,0,1,4
BRDA:46,1,0,0
BRDA:53,2,0,4
BRDA:59,3,0,5
BRDA:59,3,1,0
BRDA:60,4,0,0
BRDA:60,4,1,5
BRDA:63,5,0,5
BRDA:63,5,1,5
BRDA:64,6,0,0
BRDA:64,6,1,5
BRF:12
BRH:8
end_of_record
TN:
SF:src\components\Search\index.tsx
FN:12,(anonymous_1)
FNF:1
FNH:1
FNDA:12,(anonymous_1)
DA:3,2
DA:12,2
DA:13,12
LF:3
LH:3
BRF:0
BRH:0
end_of_record
TN:
SF:src\pages\Details\index.tsx
FN:11,(anonymous_7)
FN:18,(anonymous_8)
FN:22,(anonymous_9)
FN:32,(anonymous_10)
FN:39,(anonymous_11)
FN:52,(anonymous_12)
FN:65,(anonymous_13)
FNF:7
FNH:4
FNDA:2,(anonymous_7)
FNDA:1,(anonymous_8)
FNDA:0,(anonymous_9)
FNDA:0,(anonymous_10)
FNDA:2,(anonymous_11)
FNDA:0,(anonymous_12)
FNDA:5,(anonymous_13)
DA:1,2
DA:2,2
DA:3,2
DA:5,2
DA:7,2
DA:8,2
DA:9,2
DA:11,2
DA:12,2
DA:13,2
DA:15,2
DA:16,2
DA:18,2
DA:19,1
DA:20,1
DA:21,1
DA:22,0
DA:23,0
DA:24,0
DA:27,1
DA:28,1
DA:32,2
DA:33,0
DA:34,0
DA:35,0
DA:39,2
DA:40,2
DA:42,0
DA:44,0
DA:46,0
DA:48,2
DA:52,2
DA:53,0
DA:56,2
DA:66,5
LF:35
LH:25
BRDA:21,0,0,0
BRDA:21,0,1,1
BRDA:34,1,0,0
BRDA:40,2,0,0
BRDA:40,2,1,0
BRDA:40,2,2,0
BRDA:40,2,3,2
BRDA:60,3,0,1
BRDA:60,3,1,1
BRF:9
BRH:4
end_of_record
TN:
SF:src\pages\MainPage\index.tsx
FN:25,(anonymous_1)
FN:34,(anonymous_2)
FN:48,(anonymous_3)
FN:52,(anonymous_4)
FN:56,(anonymous_5)
FN:60,(anonymous_6)
FN:68,(anonymous_7)
FN:81,(anonymous_8)
FN:85,(anonymous_9)
FNF:9
FNH:8
FNDA:13,(anonymous_1)
FNDA:1,(anonymous_2)
FNDA:0,(anonymous_3)
FNDA:1,(anonymous_4)
FNDA:1,(anonymous_5)
FNDA:3,(anonymous_6)
FNDA:3,(anonymous_7)
FNDA:3,(anonymous_8)
FNDA:4,(anonymous_9)
DA:1,2
DA:10,2
DA:12,2
DA:13,2
DA:14,2
DA:15,2
DA:17,2
DA:25,2
DA:26,13
DA:27,12
DA:29,12
DA:30,12
DA:31,12
DA:32,12
DA:34,12
DA:35,1
DA:39,1
DA:40,1
DA:43,1
DA:45,1
DA:48,12
DA:49,0
DA:52,12
DA:53,1
DA:56,12
DA:57,1
DA:60,12
DA:61,3
DA:62,3
DA:63,0
DA:64,0
DA:68,12
DA:69,3
DA:71,3
DA:72,1
DA:73,1
DA:74,1
DA:75,1
DA:76,1
DA:77,1
DA:81,12
DA:82,3
DA:85,12
DA:86,4
DA:87,1
DA:91,12
LF:46
LH:43
BRDA:39,0,0,1
BRDA:49,1,0,0
BRDA:61,2,0,3
BRDA:61,2,1,3
BRDA:62,3,0,0
BRDA:71,4,0,3
BRDA:71,4,1,3
BRDA:72,5,0,1
BRDA:77,6,0,1
BRDA:77,6,1,1
BRDA:86,7,0,1
BRF:11
BRH:9
end_of_record
TN:
SF:src\pages\NotFound\index.tsx
FN:5,(anonymous_1)
FNF:1
FNH:1
FNDA:1,(anonymous_1)
DA:1,2
DA:3,2
DA:5,2
DA:6,1
LF:4
LH:4
BRF:0
BRH:0
end_of_record
